#! /usr/local/bin/vvp
:ivl_version "12.0 (stable)";
:ivl_delay_selection "TYPICAL";
:vpi_time_precision + 0;
:vpi_module "/usr/local/lib/ivl/system.vpi";
:vpi_module "/usr/local/lib/ivl/vhdl_sys.vpi";
:vpi_module "/usr/local/lib/ivl/vhdl_textio.vpi";
:vpi_module "/usr/local/lib/ivl/v2005_math.vpi";
:vpi_module "/usr/local/lib/ivl/va_math.vpi";
:vpi_module "/usr/local/lib/ivl/v2009.vpi";
S_0x14384ea0 .scope package, "$unit" "$unit" 2 1;
 .timescale 0 0;
S_0x14385030 .scope module, "tb_comparator_8bit" "tb_comparator_8bit" 3 2;
 .timescale 0 0;
v0x1439a990_0 .var "A", 7 0;
v0x1439aa70_0 .net "A_eq_B", 0 0, v0x1439a570_0;  1 drivers
v0x1439ab40_0 .net "A_gt_B", 0 0, v0x1439a630_0;  1 drivers
v0x1439ac40_0 .net "A_lt_B", 0 0, v0x1439a700_0;  1 drivers
v0x1439ad10_0 .var "B", 7 0;
S_0x1435e580 .scope module, "uut" "comparator_8bit" 3 6, 4 1 0, S_0x14385030;
 .timescale 0 0;
    .port_info 0 /INPUT 8 "A";
    .port_info 1 /INPUT 8 "B";
    .port_info 2 /OUTPUT 1 "A_gt_B";
    .port_info 3 /OUTPUT 1 "A_eq_B";
    .port_info 4 /OUTPUT 1 "A_lt_B";
v0x14385630_0 .net "A", 7 0, v0x1439a990_0;  1 drivers
v0x1439a570_0 .var "A_eq_B", 0 0;
v0x1439a630_0 .var "A_gt_B", 0 0;
v0x1439a700_0 .var "A_lt_B", 0 0;
v0x1439a7c0_0 .net "B", 7 0, v0x1439ad10_0;  1 drivers
E_0x1434d390 .event anyedge, v0x14385630_0, v0x1439a7c0_0;
    .scope S_0x1435e580;
T_0 ;
    %wait E_0x1434d390;
    %load/vec4 v0x1439a7c0_0;
    %load/vec4 v0x14385630_0;
    %cmp/u;
    %jmp/0xz  T_0.0, 5;
    %pushi/vec4 1, 0, 1;
    %store/vec4 v0x1439a630_0, 0, 1;
    %pushi/vec4 0, 0, 1;
    %store/vec4 v0x1439a570_0, 0, 1;
    %pushi/vec4 0, 0, 1;
    %store/vec4 v0x1439a700_0, 0, 1;
    %jmp T_0.1;
T_0.0 ;
    %load/vec4 v0x14385630_0;
    %load/vec4 v0x1439a7c0_0;
    %cmp/e;
    %jmp/0xz  T_0.2, 4;
    %pushi/vec4 0, 0, 1;
    %store/vec4 v0x1439a630_0, 0, 1;
    %pushi/vec4 1, 0, 1;
    %store/vec4 v0x1439a570_0, 0, 1;
    %pushi/vec4 0, 0, 1;
    %store/vec4 v0x1439a700_0, 0, 1;
    %jmp T_0.3;
T_0.2 ;
    %pushi/vec4 0, 0, 1;
    %store/vec4 v0x1439a630_0, 0, 1;
    %pushi/vec4 0, 0, 1;
    %store/vec4 v0x1439a570_0, 0, 1;
    %pushi/vec4 1, 0, 1;
    %store/vec4 v0x1439a700_0, 0, 1;
T_0.3 ;
T_0.1 ;
    %jmp T_0;
    .thread T_0, $push;
    .scope S_0x14385030;
T_1 ;
    %vpi_call/w 3 15 "$dumpfile", "comparator_8bit.vcd" {0 0 0};
    %vpi_call/w 3 16 "$dumpvars" {0 0 0};
    %vpi_call/w 3 17 "$display", "Time\011A\011B\011A>B\011A==B\011A<B" {0 0 0};
    %vpi_call/w 3 18 "$monitor", "%0t\011%d\011%d\011%b\011%b\011%b", $time, v0x1439a990_0, v0x1439ad10_0, v0x1439ab40_0, v0x1439aa70_0, v0x1439ac40_0 {0 0 0};
    %pushi/vec4 100, 0, 8;
    %store/vec4 v0x1439a990_0, 0, 8;
    %pushi/vec4 50, 0, 8;
    %store/vec4 v0x1439ad10_0, 0, 8;
    %delay 10, 0;
    %pushi/vec4 30, 0, 8;
    %store/vec4 v0x1439a990_0, 0, 8;
    %pushi/vec4 30, 0, 8;
    %store/vec4 v0x1439ad10_0, 0, 8;
    %delay 10, 0;
    %pushi/vec4 20, 0, 8;
    %store/vec4 v0x1439a990_0, 0, 8;
    %pushi/vec4 40, 0, 8;
    %store/vec4 v0x1439ad10_0, 0, 8;
    %delay 10, 0;
    %pushi/vec4 0, 0, 8;
    %store/vec4 v0x1439a990_0, 0, 8;
    %pushi/vec4 0, 0, 8;
    %store/vec4 v0x1439ad10_0, 0, 8;
    %delay 10, 0;
    %pushi/vec4 255, 0, 8;
    %store/vec4 v0x1439a990_0, 0, 8;
    %pushi/vec4 128, 0, 8;
    %store/vec4 v0x1439ad10_0, 0, 8;
    %delay 10, 0;
    %pushi/vec4 7, 0, 8;
    %store/vec4 v0x1439a990_0, 0, 8;
    %pushi/vec4 200, 0, 8;
    %store/vec4 v0x1439ad10_0, 0, 8;
    %delay 10, 0;
    %vpi_call/w 3 27 "$finish" {0 0 0};
    %end;
    .thread T_1;
# The file index is used to find the file name in the following table.
:file_names 5;
    "N/A";
    "<interactive>";
    "-";
    "testbench.sv";
    "design.sv";
